<?xml version="1.0" encoding="utf-8" standalone="no"?>

<test-results name="C:\Users\USER\Documents\Visual Studio 2012\Projects\mySelen\mySelen\bin\Debug\mySelen.dll" total="1" errors="0" failures="0" not-run="0" inconclusive="0" ignored="0" skipped="0" invalid="0" date="2014-03-17" time="12:51:55">
  <environment nunit-version="2.6.3.13283" clr-version="4.0.30319.18444" os-version="Microsoft Windows NT 6.1.7601 Service Pack 1" platform="Win32NT" cwd="C:\Users\USER\Documents\Visual Studio 2012\Projects\TestingFramework\TestingFramework\bin\Debug" machine-name="USER-PC" user="USER" user-domain="USER-PC" />
  <culture-info current-culture="en-GB" current-uiculture="en-US" />
  <test-suite type="Assembly" name="C:\Users\USER\Documents\Visual Studio 2012\Projects\mySelen\mySelen\bin\Debug\mySelen.dll" executed="True" result="Success" success="True" time="9.095" asserts="0" >
	<results>
	  <test-suite type="Namespace" name="mySelen" executed="True" result="Success" success="True" time="9.090" asserts="0">
		<results>
		  <test-suite type="TestFixture" name="Class1" executed="True" result="Success" success="True" time="9.088" asserts="0">
			<results>
			  <test-case name="mySelen.Class1.searchYoutube" executed="True" result="Success" success="True" time="9.084" asserts="1" />
			</results>
		  </test-suite>
		</results>
	  </test-suite>
	</results>
  </test-suite>
</test-results>